# JRE version: OpenJDK Runtime Environment (11.0.10) (build 11.0.10+0-b96-7249189)
# Java VM: OpenJDK 64-Bit Server VM (11.0.10+0-b96-7249189, mixed mode, tiered, compressed oops, g1 gc, windows-amd64)
Heap:
 garbage-first heap   total 187392K, used 116234K [0x0000000080000000, 0x0000000100000000)
  region size 1024K, 43 young (44032K), 7 survivors (7168K)
 Metaspace       used 91785K, capacity 94242K, committed 94592K, reserved 1130496K
  class space    used 11891K, capacity 12804K, committed 12928K, reserved 1048576K
GC Heap History (20 events):
Event: 7.216 GC heap before
{Heap before GC invocations=8 (full 0):
 garbage-first heap   total 129024K, used 83702K [0x0000000080000000, 0x0000000100000000)
  region size 1024K, 62 young (63488K), 4 survivors (4096K)
 Metaspace       used 39078K, capacity 40066K, committed 40192K, reserved 1083392K
  class space    used 4996K, capacity 5352K, committed 5376K, reserved 1048576K
}
Event: 7.226 GC heap after
{Heap after GC invocations=9 (full 0):
 garbage-first heap   total 129024K, used 27091K [0x0000000080000000, 0x0000000100000000)
  region size 1024K, 8 young (8192K), 8 survivors (8192K)
 Metaspace       used 39078K, capacity 40066K, committed 40192K, reserved 1083392K
  class space    used 4996K, capacity 5352K, committed 5376K, reserved 1048576K
}
Event: 8.413 GC heap before
{Heap before GC invocations=9 (full 0):
 garbage-first heap   total 129024K, used 85459K [0x0000000080000000, 0x0000000100000000)
  region size 1024K, 65 young (66560K), 8 survivors (8192K)
 Metaspace       used 44179K, capacity 45172K, committed 45184K, reserved 1089536K
  class space    used 5670K, capacity 6005K, committed 6016K, reserved 1048576K
}
Event: 8.424 GC heap after
{Heap after GC invocations=10 (full 0):
 garbage-first heap   total 155648K, used 29189K [0x0000000080000000, 0x0000000100000000)
  region size 1024K, 7 young (7168K), 7 survivors (7168K)
 Metaspace       used 44179K, capacity 45172K, committed 45184K, reserved 1089536K
  class space    used 5670K, capacity 6005K, committed 6016K, reserved 1048576K
}
Event: 11.538 GC heap before
{Heap before GC invocations=10 (full 0):
 garbage-first heap   total 155648K, used 104965K [0x0000000080000000, 0x0000000100000000)
  region size 1024K, 78 young (79872K), 7 survivors (7168K)
 Metaspace       used 48593K, capacity 49968K, committed 50304K, reserved 1093632K
  class space    used 6202K, capacity 6668K, committed 6784K, reserved 1048576K
}
Event: 11.552 GC heap after
{Heap after GC invocations=11 (full 0):
 garbage-first heap   total 155648K, used 42050K [0x0000000080000000, 0x0000000100000000)
  region size 1024K, 10 young (10240K), 10 survivors (10240K)
 Metaspace       used 48593K, capacity 49968K, committed 50304K, reserved 1093632K
  class space    used 6202K, capacity 6668K, committed 6784K, reserved 1048576K
}
Event: 13.701 GC heap before
{Heap before GC invocations=11 (full 0):
 garbage-first heap   total 155648K, used 106562K [0x0000000080000000, 0x0000000100000000)
  region size 1024K, 74 young (75776K), 10 survivors (10240K)
 Metaspace       used 58540K, capacity 60050K, committed 60160K, reserved 1101824K
  class space    used 7427K, capacity 7978K, committed 8064K, reserved 1048576K
}
Event: 13.724 GC heap after
{Heap after GC invocations=12 (full 0):
 garbage-first heap   total 155648K, used 46269K [0x0000000080000000, 0x0000000100000000)
  region size 1024K, 4 young (4096K), 4 survivors (4096K)
 Metaspace       used 58540K, capacity 60050K, committed 60160K, reserved 1101824K
  class space    used 7427K, capacity 7978K, committed 8064K, reserved 1048576K
}
Event: 15.385 GC heap before
{Heap before GC invocations=13 (full 0):
 garbage-first heap   total 155648K, used 111805K [0x0000000080000000, 0x0000000100000000)
  region size 1024K, 68 young (69632K), 4 survivors (4096K)
 Metaspace       used 63305K, capacity 64917K, committed 65024K, reserved 1105920K
  class space    used 8057K, capacity 8649K, committed 8704K, reserved 1048576K
}
Event: 15.411 GC heap after
{Heap after GC invocations=14 (full 0):
 garbage-first heap   total 155648K, used 51078K [0x0000000080000000, 0x0000000100000000)
  region size 1024K, 9 young (9216K), 9 survivors (9216K)
 Metaspace       used 63305K, capacity 64917K, committed 65024K, reserved 1105920K
  class space    used 8057K, capacity 8649K, committed 8704K, reserved 1048576K
}
Event: 18.276 GC heap before
{Heap before GC invocations=15 (full 0):
 garbage-first heap   total 155648K, used 115590K [0x0000000080000000, 0x0000000100000000)
  region size 1024K, 72 young (73728K), 9 survivors (9216K)
 Metaspace       used 69641K, capacity 71347K, committed 71680K, reserved 1112064K
  class space    used 9032K, capacity 9626K, committed 9728K, reserved 1048576K
}
Event: 18.294 GC heap after
{Heap after GC invocations=16 (full 0):
 garbage-first heap   total 187392K, used 55722K [0x0000000080000000, 0x0000000100000000)
  region size 1024K, 5 young (5120K), 5 survivors (5120K)
 Metaspace       used 69641K, capacity 71347K, committed 71680K, reserved 1112064K
  class space    used 9032K, capacity 9626K, committed 9728K, reserved 1048576K
}
Event: 22.339 GC heap before
{Heap before GC invocations=16 (full 0):
 garbage-first heap   total 187392K, used 133546K [0x0000000080000000, 0x0000000100000000)
  region size 1024K, 81 young (82944K), 5 survivors (5120K)
 Metaspace       used 77718K, capacity 79647K, committed 79872K, reserved 1118208K
  class space    used 10210K, capacity 10954K, committed 11008K, reserved 1048576K
}
Event: 22.367 GC heap after
{Heap after GC invocations=17 (full 0):
 garbage-first heap   total 187392K, used 60324K [0x0000000080000000, 0x0000000100000000)
  region size 1024K, 10 young (10240K), 10 survivors (10240K)
 Metaspace       used 77718K, capacity 79647K, committed 79872K, reserved 1118208K
  class space    used 10210K, capacity 10954K, committed 11008K, reserved 1048576K
}
Event: 26.850 GC heap before
{Heap before GC invocations=17 (full 0):
 garbage-first heap   total 187392K, used 137124K [0x0000000080000000, 0x0000000100000000)
  region size 1024K, 86 young (88064K), 10 survivors (10240K)
 Metaspace       used 79182K, capacity 81360K, committed 81664K, reserved 1120256K
  class space    used 10363K, capacity 11178K, committed 11264K, reserved 1048576K
}
Event: 26.882 GC heap after
{Heap after GC invocations=18 (full 0):
 garbage-first heap   total 187392K, used 65273K [0x0000000080000000, 0x0000000100000000)
  region size 1024K, 10 young (10240K), 10 survivors (10240K)
 Metaspace       used 79182K, capacity 81360K, committed 81664K, reserved 1120256K
  class space    used 10363K, capacity 11178K, committed 11264K, reserved 1048576K
}
Event: 32.830 GC heap before
{Heap before GC invocations=18 (full 0):
 garbage-first heap   total 187392K, used 144121K [0x0000000080000000, 0x0000000100000000)
  region size 1024K, 86 young (88064K), 10 survivors (10240K)
 Metaspace       used 86961K, capacity 89199K, committed 89216K, reserved 1126400K
  class space    used 11306K, capacity 12156K, committed 12160K, reserved 1048576K
}
Event: 32.871 GC heap after
{Heap after GC invocations=19 (full 0):
 garbage-first heap   total 187392K, used 75776K [0x0000000080000000, 0x0000000100000000)
  region size 1024K, 11 young (11264K), 11 survivors (11264K)
 Metaspace       used 86961K, capacity 89199K, committed 89216K, reserved 1126400K
  class space    used 11306K, capacity 12156K, committed 12160K, reserved 1048576K
}
Event: 39.316 GC heap before
{Heap before GC invocations=19 (full 0):
 garbage-first heap   total 187392K, used 144384K [0x0000000080000000, 0x0000000100000000)
  region size 1024K, 79 young (80896K), 11 survivors (11264K)
 Metaspace       used 89082K, capacity 91348K, committed 91520K, reserved 1128448K
  class space    used 11506K, capacity 12321K, committed 12416K, reserved 1048576K
}
Event: 39.333 GC heap after
{Heap after GC invocations=20 (full 0):
 garbage-first heap   total 187392K, used 79370K [0x0000000080000000, 0x0000000100000000)
  region size 1024K, 7 young (7168K), 7 survivors (7168K)
 Metaspace       used 89082K, capacity 91348K, committed 91520K, reserved 1128448K
  class space    used 11506K, capacity 12321K, committed 12416K, reserved 1048576K
}

